[0mCompiling "target/cljsbuild/public/js/app.js" from ["src/cljc" "src/cljs" "env/dev/cljs"]...[0m
[31mFailed to compile "target/cljsbuild/public/js/app.js" in 0.013 seconds.[0m
[36m----  Exception    ----[0m

  [1mNo ns form found in src/cljs/picture_gallery/components/registration.cljs[0m

[36m----  Exception Stack Trace  ----[0m

java.lang.AssertionError: No ns form found in src/cljs/picture_gallery/components/registration.cljs
 at cljs.analyzer$parse_ns$fn__4941.invoke (analyzer.cljc:2802)
    cljs.analyzer$parse_ns.invokeStatic (analyzer.cljc:2752)
    cljs.analyzer$parse_ns.invoke (analyzer.cljc:2734)
    cljs.analyzer$parse_ns.invokeStatic (analyzer.cljc:2744)
    cljs.analyzer$parse_ns.invoke (analyzer.cljc:2734)
    cljs.compiler$find_source.invokeStatic (compiler.cljc:1432)
    cljs.compiler$find_source.invoke (compiler.cljc:1431)
    clojure.core$map$fn__4785.invoke (core.clj:2646)
    clojure.lang.LazySeq.sval (LazySeq.java:40)
    clojure.lang.LazySeq.seq (LazySeq.java:49)
    clojure.lang.RT.seq (RT.java:521)
    clojure.core$seq__4357.invokeStatic (core.clj:137)
    clojure.core$concat$cat__4448$fn__4449.invoke (core.clj:715)
    clojure.lang.LazySeq.sval (LazySeq.java:40)
    clojure.lang.LazySeq.seq (LazySeq.java:49)
    clojure.lang.Cons.next (Cons.java:39)
    clojure.lang.RT.next (RT.java:688)
    clojure.core$next__4341.invokeStatic (core.clj:64)
    clojure.core$reduce1.invokeStatic (core.clj:925)
    clojure.core$set.invokeStatic (core.clj:3983)
    clojure.core$set.invoke (core.clj:3975)
    cljs.closure$add_dependency_sources.invokeStatic (closure.clj:797)
    cljs.closure$add_dependency_sources.invoke (closure.clj:791)
    cljs.closure$build.invokeStatic (closure.clj:1996)
    cljs.closure$build.invoke (closure.clj:1937)
    cljs.build.api$build.invokeStatic (api.clj:210)
    cljs.build.api$build.invoke (api.clj:198)
    figwheel_sidecar.components.cljs_autobuild$cljs_build.invokeStatic (cljs_autobuild.clj:28)
    figwheel_sidecar.components.cljs_autobuild$cljs_build.invoke (cljs_autobuild.clj:27)
    figwheel_sidecar.build_middleware.injection$hook$fn__19595.invoke (injection.clj:139)
    figwheel_sidecar.components.cljs_autobuild$notify_command_hook$fn__19992.invoke (cljs_autobuild.clj:68)
    figwheel_sidecar.build_middleware.clj_reloading$hook$fn__19898.invoke (clj_reloading.clj:115)
    figwheel_sidecar.build_middleware.javascript_reloading$hook$fn__19944.invoke (javascript_reloading.clj:60)
    figwheel_sidecar.components.cljs_autobuild$figwheel_start_and_end_messages$fn__19984.invoke (cljs_autobuild.clj:48)
    figwheel_sidecar.build_middleware.notifications$hook$fn__19822.invoke (notifications.clj:180)
    figwheel_sidecar.components.cljs_autobuild$color_output$fn__19996.invoke (cljs_autobuild.clj:79)
    figwheel_sidecar.components.cljs_autobuild$execute_build$fn__20033.invoke (cljs_autobuild.clj:220)
    figwheel_sidecar.utils$sync_exec$fn__4995$fn__4996.invoke (utils.clj:13)
    figwheel_sidecar.utils$sync_exec$fn__4995.invoke (utils.clj:12)
    clojure.core$binding_conveyor_fn$fn__4676.invoke (core.clj:1941)
    clojure.lang.AFn.applyToHelper (AFn.java:154)
    clojure.lang.RestFn.applyTo (RestFn.java:132)
    clojure.lang.Agent$Action.doRun (Agent.java:114)
    clojure.lang.Agent$Action.run (Agent.java:163)
    java.util.concurrent.ThreadPoolExecutor.runWorker (ThreadPoolExecutor.java:1149)
    java.util.concurrent.ThreadPoolExecutor$Worker.run (ThreadPoolExecutor.java:624)
    java.lang.Thread.run (Thread.java:748)

[0mCompiling "target/cljsbuild/public/js/app.js" from ["src/cljc" "src/cljs" "env/dev/cljs"]...[0m
[32mSuccessfully compiled "target/cljsbuild/public/js/app.js" in 0.754 seconds.[0m
notifying browser that file changed:  target/cljsbuild/public/js/out/goog/deps.js
notifying browser that file changed:  target/cljsbuild/public/js/out/cljs_deps.js
notifying browser that file changed:  out/picture_gallery/components/registration.js
[0mCompiling "target/cljsbuild/public/js/app.js" from ["src/cljc" "src/cljs" "env/dev/cljs"]...[0m
[32mSuccessfully compiled "target/cljsbuild/public/js/app.js" in 1.17 seconds.[0m
notifying browser that file changed:  out/picture_gallery/components/common.js
[0mCompiling "target/cljsbuild/public/js/app.js" from ["src/cljc" "src/cljs" "env/dev/cljs"]...[0m
[32mSuccessfully compiled "target/cljsbuild/public/js/app.js" in 0.982 seconds.[0m
notifying browser that file changed:  target/cljsbuild/public/js/out/cljs_deps.js
notifying browser that file changed:  out/picture_gallery/components/registration.js
[0mCompiling "target/cljsbuild/public/js/app.js" from ["src/cljc" "src/cljs" "env/dev/cljs"]...[0m
[32mSuccessfully compiled "target/cljsbuild/public/js/app.js" in 0.652 seconds.[0m
notifying browser that file changed:  target/cljsbuild/public/js/out/cljs_deps.js
notifying browser that file changed:  out/picture_gallery/core.js
[0mCompiling "target/cljsbuild/public/js/app.js" from ["src/cljc" "src/cljs" "env/dev/cljs"]...[0m
[32mSuccessfully compiled "target/cljsbuild/public/js/app.js" in 0.545 seconds.[0m
notifying browser that file changed:  out/picture_gallery/core.js
[0mCompiling "target/cljsbuild/public/js/app.js" from ["src/cljc" "src/cljs" "env/dev/cljs"]...[0m
[32mSuccessfully compiled "target/cljsbuild/public/js/app.js" in 1.788 seconds.[0m
notifying browser that file changed:  target/cljsbuild/public/js/out/cljs_deps.js
notifying browser that file changed:  out/picture_gallery/components/registration.js
[0mCompiling "target/cljsbuild/public/js/app.js" from ["src/cljc" "src/cljs" "env/dev/cljs"]...[0m
[32mSuccessfully compiled "target/cljsbuild/public/js/app.js" in 0.757 seconds.[0m
notifying browser that file changed:  out/picture_gallery/components/registration.js
[0mCompiling "target/cljsbuild/public/js/app.js" from ["src/cljc" "src/cljs" "env/dev/cljs"]...[0m
[36m----  Compiler Warning on   src/cljs/picture_gallery/core.cljs   line:32  column:9  ----[0m

  [1mUse of undeclared Var picture-gallery.core/user-menu[0m

  [36m28[0m  [36m        [:a.navbar-brand {:href "#/"} "picture-gallery"][0m
  [36m29[0m  [36m        [:ul.nav.navbar-nav[0m
  [36m30[0m  [36m         [nav-link "#/" "Home" :home collapsed?][0m
  [36m31[0m  [36m         [nav-link "#/about" "About" :about collapsed?]]][0m
  [33m32[0m  [1m       [user-menu]])))[0m
  [0m  [0m  [33m        ^--- Use of undeclared Var picture-gallery.core/user-menu[0m
  [36m33[0m  [36m[0m
  [36m34[0m  [36m(defn about-page [][0m
  [36m35[0m  [36m  [:div.container[0m
  [36m36[0m  [36m   [:div.row[0m
  [36m37[0m  [36m    [:div.col-md-12[0m

[36m----  Compiler Warning : Please see src/cljs/picture_gallery/core.cljs  ----[0m
[32mSuccessfully compiled "target/cljsbuild/public/js/app.js" in 0.944 seconds.[0m
notifying browser that file changed:  out/picture_gallery/components/registration.js
[0mCompiling "target/cljsbuild/public/js/app.js" from ["src/cljc" "src/cljs" "env/dev/cljs"]...[0m
[32mSuccessfully compiled "target/cljsbuild/public/js/app.js" in 0.577 seconds.[0m
notifying browser that file changed:  out/picture_gallery/core.js
[0mCompiling "target/cljsbuild/public/js/app.js" from ["src/cljc" "src/cljs" "env/dev/cljs"]...[0m
[32mSuccessfully compiled "target/cljsbuild/public/js/app.js" in 0.833 seconds.[0m
[0mCompiling "target/cljsbuild/public/js/app.js" from ["src/cljc" "src/cljs" "env/dev/cljs"]...[0m
[32mSuccessfully compiled "target/cljsbuild/public/js/app.js" in 0.438 seconds.[0m
notifying browser that file changed:  out/picture_gallery/core.js
[0mCompiling "target/cljsbuild/public/js/app.js" from ["src/cljc" "src/cljs" "env/dev/cljs"]...[0m
[32mSuccessfully compiled "target/cljsbuild/public/js/app.js" in 1.399 seconds.[0m
notifying browser that file changed:  target/cljsbuild/public/js/out/goog/deps.js
notifying browser that file changed:  target/cljsbuild/public/js/out/cljs_deps.js
notifying browser that file changed:  out/picture_gallery/components/registration.js
[0mCompiling "target/cljsbuild/public/js/app.js" from ["src/cljc" "src/cljs" "env/dev/cljs"]...[0m
[32mSuccessfully compiled "target/cljsbuild/public/js/app.js" in 1.688 seconds.[0m
notifying browser that file changed:  out/picture_gallery/core.js
[0mCompiling "target/cljsbuild/public/js/app.js" from ["src/cljc" "src/cljs" "env/dev/cljs"]...[0m
[31mFailed to compile "target/cljsbuild/public/js/app.js" in 2.245 seconds.[0m
[36m----  Could not Analyze  src/cljs/picture_gallery/components/registration.cljs   line:34  column:9  ----[0m

  [1mwhen-let requires exactly 2 forms in binding vector in picture-gallery.components.registration:34[0m

  [36m32[0m  [36m [:strong "* required field"]][0m
  [36m33[0m  [36m[c/text-input "name" :id "enter a user name" fields][0m
  [33m34[0m  [1m(when-let [error (first (:id @error))[0m
  [0m  [0m  [33m^--- when-let requires exactly 2 forms in binding vector in picture-gallery.components.registration:34[0m
  [36m35[0m  [36m           :div.alert.alert-danger error])[0m
  [36m36[0m  [36m[c/password-input "password" :pass "enter a password" fields][0m
  [36m37[0m  [36m(when-let [error (first (:pass @error))][0m

[36m----  Analysis Error : Please see src/cljs/picture_gallery/components/registration.cljs  ----[0m
[0mCompiling "target/cljsbuild/public/js/app.js" from ["src/cljc" "src/cljs" "env/dev/cljs"]...[0m
[31mFailed to compile "target/cljsbuild/public/js/app.js" in 0.341 seconds.[0m
[36m----  Could not Analyze  src/cljs/picture_gallery/components/registration.cljs   line:34  column:9  ----[0m

  [1mwhen-let requires exactly 2 forms in binding vector in picture-gallery.components.registration:34[0m

  [36m32[0m  [36m [:strong "* required field"]][0m
  [36m33[0m  [36m[c/text-input "name" :id "enter a user name" fields][0m
  [33m34[0m  [1m(when-let [error (first (:id @error))[0m
  [0m  [0m  [33m^--- when-let requires exactly 2 forms in binding vector in picture-gallery.components.registration:34[0m
  [36m35[0m  [36m           :div.alert.alert-danger error])[0m
  [36m36[0m  [36m[c/password-input "password" :pass "enter a password" fields][0m
  [36m37[0m  [36m(when-let [error (first (:pass @error))][0m

[36m----  Analysis Error : Please see src/cljs/picture_gallery/components/registration.cljs  ----[0m
[0mCompiling "target/cljsbuild/public/js/app.js" from ["src/cljc" "src/cljs" "env/dev/cljs"]...[0m
[32mSuccessfully compiled "target/cljsbuild/public/js/app.js" in 0.83 seconds.[0m
notifying browser that file changed:  out/picture_gallery/components/registration.js
[0mCompiling "target/cljsbuild/public/js/app.js" from ["src/cljc" "src/cljs" "env/dev/cljs"]...[0m
[32mSuccessfully compiled "target/cljsbuild/public/js/app.js" in 1.031 seconds.[0m
notifying browser that file changed:  target/cljsbuild/public/js/out/goog/deps.js
notifying browser that file changed:  target/cljsbuild/public/js/out/cljs_deps.js
notifying browser that file changed:  out/picture_gallery/components/login.js
[0mCompiling "target/cljsbuild/public/js/app.js" from ["src/cljc" "src/cljs" "env/dev/cljs"]...[0m
[32mSuccessfully compiled "target/cljsbuild/public/js/app.js" in 0.863 seconds.[0m
[0mCompiling "target/cljsbuild/public/js/app.js" from ["src/cljc" "src/cljs" "env/dev/cljs"]...[0m
[32mSuccessfully compiled "target/cljsbuild/public/js/app.js" in 0.628 seconds.[0m
notifying browser that file changed:  out/picture_gallery/components/login.js
[0mCompiling "target/cljsbuild/public/js/app.js" from ["src/cljc" "src/cljs" "env/dev/cljs"]...[0m
[36m----  Compiler Warning on   src/cljs/picture_gallery/components/login.cljs   line:38  column:23  ----[0m

  [1mUse of undeclared Var picture-gallery.components.login/login![0m

  [36m34[0m  [36m (when-let [error @error][0m
  [36m35[0m  [36m   [:div.alert.alert-danger])][0m
  [36m36[0m  [36m[:div[0m
  [36m37[0m  [36m [:button.btn.btn-primary[0m
  [33m38[0m  [1m  {:on-click #(login! fields error)}[0m
  [0m  [0m  [33m               ^--- Use of undeclared Var picture-gallery.components.login/login![0m
  [36m39[0m  [36m  "Login"][0m
  [36m40[0m  [36m [:button.btn.btn-danger[0m
  [36m41[0m  [36m  {:on-click #(session/remove! :modal)}[0m
  [36m42[0m  [36m  "Cancel"]]])))[0m

[36m----  Compiler Warning : Please see src/cljs/picture_gallery/components/login.cljs  ----[0m
[32mSuccessfully compiled "target/cljsbuild/public/js/app.js" in 0.808 seconds.[0m
notifying browser that file changed:  target/cljsbuild/public/js/out/cljs_deps.js
notifying browser that file changed:  out/picture_gallery/components/login.js
[0mCompiling "target/cljsbuild/public/js/app.js" from ["src/cljc" "src/cljs" "env/dev/cljs"]...[0m
[36m----  Compiler Warning on   src/cljs/picture_gallery/core.cljs   line:19  column:21  ----[0m

  [1mNo such namespace: ajax, could not locate ajax.cljs, ajax.cljc, or Closure namespace ""[0m

  [36m15[0m  [36m(if-let [id (session/get :identity)][0m
  [36m16[0m  [36m  [:ul.nav.navbar-nav.pull-xs-right[0m
  [36m17[0m  [36m   [:li.nav-item[0m
  [36m18[0m  [36m    [:a.dropdown-item.btn[0m
  [33m19[0m  [1m     {:on-click #(ajax/POST[0m
  [0m  [0m  [33m                  ^--- No such namespace: ajax, could not locate ajax.cljs, ajax.cljc, or Closure namespace ""[0m
  [36m20[0m  [36m                   "/logout"[0m
  [36m21[0m  [36m                   {:handler (fn [] (session/remove! :identity))})}[0m
  [36m22[0m  [36m     [:i.fa.fa-user] " " id " | sign out"]]][0m
  [36m23[0m  [36m  [:ul.nav.navbar-nav.pull-xs.right[0m
  [36m24[0m  [36m   [:li:nav-item [login/login-button]][0m

[36m----  Compiler Warning : Please see src/cljs/picture_gallery/core.cljs  ----[0m
[36m----  Compiler Warning on   src/cljs/picture_gallery/core.cljs   line:19  column:21  ----[0m

  [1mUse of undeclared Var ajax/POST[0m

  [36m15[0m  [36m(if-let [id (session/get :identity)][0m
  [36m16[0m  [36m  [:ul.nav.navbar-nav.pull-xs-right[0m
  [36m17[0m  [36m   [:li.nav-item[0m
  [36m18[0m  [36m    [:a.dropdown-item.btn[0m
  [33m19[0m  [1m     {:on-click #(ajax/POST[0m
  [0m  [0m  [33m                  ^--- Use of undeclared Var ajax/POST[0m
  [36m20[0m  [36m                   "/logout"[0m
  [36m21[0m  [36m                   {:handler (fn [] (session/remove! :identity))})}[0m
  [36m22[0m  [36m     [:i.fa.fa-user] " " id " | sign out"]]][0m
  [36m23[0m  [36m  [:ul.nav.navbar-nav.pull-xs.right[0m
  [36m24[0m  [36m   [:li:nav-item [login/login-button]][0m

[36m----  Compiler Warning : Please see src/cljs/picture_gallery/core.cljs  ----[0m
[32mSuccessfully compiled "target/cljsbuild/public/js/app.js" in 1.305 seconds.[0m
[0mCompiling "target/cljsbuild/public/js/app.js" from ["src/cljc" "src/cljs" "env/dev/cljs"]...[0m
[32mSuccessfully compiled "target/cljsbuild/public/js/app.js" in 0.517 seconds.[0m
notifying browser that file changed:  target/cljsbuild/public/js/out/cljs_deps.js
notifying browser that file changed:  out/picture_gallery/core.js
[0mCompiling "target/cljsbuild/public/js/app.js" from ["src/cljc" "src/cljs" "env/dev/cljs"]...[0m
[36m----  Compiler Warning on   src/cljs/picture_gallery/core.cljs   line:19  column:21  ----[0m

  [1mNo such namespace: ajax, could not locate ajax.cljs, ajax.cljc, or Closure namespace ""[0m

  [36m15[0m  [36m(if-let [id (session/get :identity)][0m
  [36m16[0m  [36m  [:ul.nav.navbar-nav.pull-xs-right[0m
  [36m17[0m  [36m   [:li.nav-item[0m
  [36m18[0m  [36m    [:a.dropdown-item.btn[0m
  [33m19[0m  [1m     {:on-click #(ajax/POST[0m
  [0m  [0m  [33m                  ^--- No such namespace: ajax, could not locate ajax.cljs, ajax.cljc, or Closure namespace ""[0m
  [36m20[0m  [36m                   "/logout"[0m
  [36m21[0m  [36m                   {:handler (fn [] (session/remove! :identity))})}[0m
  [36m22[0m  [36m     [:i.fa.fa-user] " " id " | sign out"]]][0m
  [36m23[0m  [36m  [:ul.nav.navbar-nav.pull-xs.right[0m
  [36m24[0m  [36m   [:li:nav-item [login/login-button]][0m

[36m----  Compiler Warning : Please see src/cljs/picture_gallery/core.cljs  ----[0m
[36m----  Compiler Warning on   src/cljs/picture_gallery/core.cljs   line:19  column:21  ----[0m

  [1mUse of undeclared Var ajax/POST[0m

  [36m15[0m  [36m(if-let [id (session/get :identity)][0m
  [36m16[0m  [36m  [:ul.nav.navbar-nav.pull-xs-right[0m
  [36m17[0m  [36m   [:li.nav-item[0m
  [36m18[0m  [36m    [:a.dropdown-item.btn[0m
  [33m19[0m  [1m     {:on-click #(ajax/POST[0m
  [0m  [0m  [33m                  ^--- Use of undeclared Var ajax/POST[0m
  [36m20[0m  [36m                   "/logout"[0m
  [36m21[0m  [36m                   {:handler (fn [] (session/remove! :identity))})}[0m
  [36m22[0m  [36m     [:i.fa.fa-user] " " id " | sign out"]]][0m
  [36m23[0m  [36m  [:ul.nav.navbar-nav.pull-xs.right[0m
  [36m24[0m  [36m   [:li:nav-item [login/login-button]][0m

[36m----  Compiler Warning : Please see src/cljs/picture_gallery/core.cljs  ----[0m
[32mSuccessfully compiled "target/cljsbuild/public/js/app.js" in 1.196 seconds.[0m
notifying browser that file changed:  out/picture_gallery/components/login.js
[0mCompiling "target/cljsbuild/public/js/app.js" from ["src/cljc" "src/cljs" "env/dev/cljs"]...[0m
[36m----  Compiler Warning on   src/cljs/picture_gallery/core.cljs   line:19  column:21  ----[0m

  [1mNo such namespace: ajax, could not locate ajax.cljs, ajax.cljc, or Closure namespace ""[0m

  [36m15[0m  [36m(if-let [id (session/get :identity)][0m
  [36m16[0m  [36m  [:ul.nav.navbar-nav.pull-xs-right[0m
  [36m17[0m  [36m   [:li.nav-item[0m
  [36m18[0m  [36m    [:a.dropdown-item.btn[0m
  [33m19[0m  [1m     {:on-click #(ajax/POST[0m
  [0m  [0m  [33m                  ^--- No such namespace: ajax, could not locate ajax.cljs, ajax.cljc, or Closure namespace ""[0m
  [36m20[0m  [36m                   "/logout"[0m
  [36m21[0m  [36m                   {:handler (fn [] (session/remove! :identity))})}[0m
  [36m22[0m  [36m     [:i.fa.fa-user] " " id " | sign out"]]][0m
  [36m23[0m  [36m  [:ul.nav.navbar-nav.pull-xs.right[0m
  [36m24[0m  [36m   [:li:nav-item [login/login-button]][0m

[36m----  Compiler Warning : Please see src/cljs/picture_gallery/core.cljs  ----[0m
[36m----  Compiler Warning on   src/cljs/picture_gallery/core.cljs   line:19  column:21  ----[0m

  [1mUse of undeclared Var ajax/POST[0m

  [36m15[0m  [36m(if-let [id (session/get :identity)][0m
  [36m16[0m  [36m  [:ul.nav.navbar-nav.pull-xs-right[0m
  [36m17[0m  [36m   [:li.nav-item[0m
  [36m18[0m  [36m    [:a.dropdown-item.btn[0m
  [33m19[0m  [1m     {:on-click #(ajax/POST[0m
  [0m  [0m  [33m                  ^--- Use of undeclared Var ajax/POST[0m
  [36m20[0m  [36m                   "/logout"[0m
  [36m21[0m  [36m                   {:handler (fn [] (session/remove! :identity))})}[0m
  [36m22[0m  [36m     [:i.fa.fa-user] " " id " | sign out"]]][0m
  [36m23[0m  [36m  [:ul.nav.navbar-nav.pull-xs.right[0m
  [36m24[0m  [36m   [:li:nav-item [login/login-button]][0m

[36m----  Compiler Warning : Please see src/cljs/picture_gallery/core.cljs  ----[0m
[32mSuccessfully compiled "target/cljsbuild/public/js/app.js" in 1.103 seconds.[0m
notifying browser that file changed:  out/picture_gallery/core.js
[0mCompiling "target/cljsbuild/public/js/app.js" from ["src/cljc" "src/cljs" "env/dev/cljs"]...[0m
[36m----  Compiler Warning on   src/cljs/picture_gallery/core.cljs   line:19  column:21  ----[0m

  [1mNo such namespace: ajax, could not locate ajax.cljs, ajax.cljc, or Closure namespace ""[0m

  [36m15[0m  [36m(if-let [id (session/get :identity)][0m
  [36m16[0m  [36m  [:ul.nav.navbar-nav.pull-xs-right[0m
  [36m17[0m  [36m   [:li.nav-item[0m
  [36m18[0m  [36m    [:a.dropdown-item.btn[0m
  [33m19[0m  [1m     {:on-click #(ajax/POST[0m
  [0m  [0m  [33m                  ^--- No such namespace: ajax, could not locate ajax.cljs, ajax.cljc, or Closure namespace ""[0m
  [36m20[0m  [36m                   "/logout"[0m
  [36m21[0m  [36m                   {:handler (fn [] (session/remove! :identity))})}[0m
  [36m22[0m  [36m     [:i.fa.fa-user] " " id " | sign out"]]][0m
  [36m23[0m  [36m  [:ul.nav.navbar-nav.pull-xs.right[0m
  [36m24[0m  [36m   [:li:nav-item [login/login-button]][0m

[36m----  Compiler Warning : Please see src/cljs/picture_gallery/core.cljs  ----[0m
[36m----  Compiler Warning on   src/cljs/picture_gallery/core.cljs   line:19  column:21  ----[0m

  [1mUse of undeclared Var ajax/POST[0m

  [36m15[0m  [36m(if-let [id (session/get :identity)][0m
  [36m16[0m  [36m  [:ul.nav.navbar-nav.pull-xs-right[0m
  [36m17[0m  [36m   [:li.nav-item[0m
  [36m18[0m  [36m    [:a.dropdown-item.btn[0m
  [33m19[0m  [1m     {:on-click #(ajax/POST[0m
  [0m  [0m  [33m                  ^--- Use of undeclared Var ajax/POST[0m
  [36m20[0m  [36m                   "/logout"[0m
  [36m21[0m  [36m                   {:handler (fn [] (session/remove! :identity))})}[0m
  [36m22[0m  [36m     [:i.fa.fa-user] " " id " | sign out"]]][0m
  [36m23[0m  [36m  [:ul.nav.navbar-nav.pull-xs.right[0m
  [36m24[0m  [36m   [:li:nav-item [login/login-button]][0m

[36m----  Compiler Warning : Please see src/cljs/picture_gallery/core.cljs  ----[0m
[32mSuccessfully compiled "target/cljsbuild/public/js/app.js" in 1.007 seconds.[0m
notifying browser that file changed:  target/cljsbuild/public/js/out/cljs_deps.js
notifying browser that file changed:  out/picture_gallery/ajax.js
[0mCompiling "target/cljsbuild/public/js/app.js" from ["src/cljc" "src/cljs" "env/dev/cljs"]...[0m
[36m----  Compiler Warning on   src/cljs/picture_gallery/ajax.cljs   line:13  column:42  ----[0m

  [1mUse of undeclared Var picture-gallery.ajax/default-headers[0m

  [36m 9[0m  [36m(defn load-interceptors [][0m
  [36m10[0m  [36m  (swap! ajax/default-interceptors[0m
  [36m11[0m  [36m         into[0m
  [36m12[0m  [36m         [(ajax/to-interceptor {:name "default headers"[0m
  [33m13[0m  [1m                                :request default-headers})]))[0m
  [0m  [0m  [33m                                         ^--- Use of undeclared Var picture-gallery.ajax/default-headers[0m
  [36m14[0m  [36m[0m
  [36m15[0m  [36m(defn default-headers [request][0m
  [36m16[0m  [36m  (-> request[0m
  [36m17[0m  [36m      (update :uri #(str js/context %))[0m
  [36m18[0m  [36m      (update[0m

[36m----  Compiler Warning : Please see src/cljs/picture_gallery/ajax.cljs  ----[0m
[36m----  Compiler Warning on   src/cljs/picture_gallery/core.cljs   line:19  column:21  ----[0m

  [1mNo such namespace: ajax, could not locate ajax.cljs, ajax.cljc, or Closure namespace ""[0m

  [36m15[0m  [36m(if-let [id (session/get :identity)][0m
  [36m16[0m  [36m  [:ul.nav.navbar-nav.pull-xs-right[0m
  [36m17[0m  [36m   [:li.nav-item[0m
  [36m18[0m  [36m    [:a.dropdown-item.btn[0m
  [33m19[0m  [1m     {:on-click #(ajax/POST[0m
  [0m  [0m  [33m                  ^--- No such namespace: ajax, could not locate ajax.cljs, ajax.cljc, or Closure namespace ""[0m
  [36m20[0m  [36m                   "/logout"[0m
  [36m21[0m  [36m                   {:handler (fn [] (session/remove! :identity))})}[0m
  [36m22[0m  [36m     [:i.fa.fa-user] " " id " | sign out"]]][0m
  [36m23[0m  [36m  [:ul.nav.navbar-nav.pull-xs.right[0m
  [36m24[0m  [36m   [:li:nav-item [login/login-button]][0m

[36m----  Compiler Warning : Please see src/cljs/picture_gallery/core.cljs  ----[0m
[36m----  Compiler Warning on   src/cljs/picture_gallery/core.cljs   line:19  column:21  ----[0m

  [1mUse of undeclared Var ajax/POST[0m

  [36m15[0m  [36m(if-let [id (session/get :identity)][0m
  [36m16[0m  [36m  [:ul.nav.navbar-nav.pull-xs-right[0m
  [36m17[0m  [36m   [:li.nav-item[0m
  [36m18[0m  [36m    [:a.dropdown-item.btn[0m
  [33m19[0m  [1m     {:on-click #(ajax/POST[0m
  [0m  [0m  [33m                  ^--- Use of undeclared Var ajax/POST[0m
  [36m20[0m  [36m                   "/logout"[0m
  [36m21[0m  [36m                   {:handler (fn [] (session/remove! :identity))})}[0m
  [36m22[0m  [36m     [:i.fa.fa-user] " " id " | sign out"]]][0m
  [36m23[0m  [36m  [:ul.nav.navbar-nav.pull-xs.right[0m
  [36m24[0m  [36m   [:li:nav-item [login/login-button]][0m

[36m----  Compiler Warning : Please see src/cljs/picture_gallery/core.cljs  ----[0m
[32mSuccessfully compiled "target/cljsbuild/public/js/app.js" in 1.085 seconds.[0m
notifying browser that file changed:  out/picture_gallery/ajax.js
[0mCompiling "target/cljsbuild/public/js/app.js" from ["src/cljc" "src/cljs" "env/dev/cljs"]...[0m
[36m----  Compiler Warning on   src/cljs/picture_gallery/ajax.cljs   line:13  column:42  ----[0m

  [1mUse of undeclared Var picture-gallery.ajax/default-headers[0m

  [36m 9[0m  [36m(defn load-interceptors [][0m
  [36m10[0m  [36m  (swap! ajax/default-interceptors[0m
  [36m11[0m  [36m         into[0m
  [36m12[0m  [36m         [(ajax/to-interceptor {:name    "default headers"[0m
  [33m13[0m  [1m                                :request default-headers})[0m
  [0m  [0m  [33m                                         ^--- Use of undeclared Var picture-gallery.ajax/default-headers[0m
  [36m14[0m  [36m          (ajax/to-interceptor {:name "user action"[0m
  [36m15[0m  [36m                                :request user-action})]))[0m
  [36m16[0m  [36m[0m
  [36m17[0m  [36m(defn default-headers [request][0m
  [36m18[0m  [36m  (-> request[0m

[36m----  Compiler Warning : Please see src/cljs/picture_gallery/ajax.cljs  ----[0m
[36m----  Compiler Warning on   src/cljs/picture_gallery/core.cljs   line:19  column:21  ----[0m

  [1mNo such namespace: ajax, could not locate ajax.cljs, ajax.cljc, or Closure namespace ""[0m

  [36m15[0m  [36m(if-let [id (session/get :identity)][0m
  [36m16[0m  [36m  [:ul.nav.navbar-nav.pull-xs-right[0m
  [36m17[0m  [36m   [:li.nav-item[0m
  [36m18[0m  [36m    [:a.dropdown-item.btn[0m
  [33m19[0m  [1m     {:on-click #(ajax/POST[0m
  [0m  [0m  [33m                  ^--- No such namespace: ajax, could not locate ajax.cljs, ajax.cljc, or Closure namespace ""[0m
  [36m20[0m  [36m                   "/logout"[0m
  [36m21[0m  [36m                   {:handler (fn [] (session/remove! :identity))})}[0m
  [36m22[0m  [36m     [:i.fa.fa-user] " " id " | sign out"]]][0m
  [36m23[0m  [36m  [:ul.nav.navbar-nav.pull-xs.right[0m
  [36m24[0m  [36m   [:li:nav-item [login/login-button]][0m

[36m----  Compiler Warning : Please see src/cljs/picture_gallery/core.cljs  ----[0m
[36m----  Compiler Warning on   src/cljs/picture_gallery/core.cljs   line:19  column:21  ----[0m

  [1mUse of undeclared Var ajax/POST[0m

  [36m15[0m  [36m(if-let [id (session/get :identity)][0m
  [36m16[0m  [36m  [:ul.nav.navbar-nav.pull-xs-right[0m
  [36m17[0m  [36m   [:li.nav-item[0m
  [36m18[0m  [36m    [:a.dropdown-item.btn[0m
  [33m19[0m  [1m     {:on-click #(ajax/POST[0m
  [0m  [0m  [33m                  ^--- Use of undeclared Var ajax/POST[0m
  [36m20[0m  [36m                   "/logout"[0m
  [36m21[0m  [36m                   {:handler (fn [] (session/remove! :identity))})}[0m
  [36m22[0m  [36m     [:i.fa.fa-user] " " id " | sign out"]]][0m
  [36m23[0m  [36m  [:ul.nav.navbar-nav.pull-xs.right[0m
  [36m24[0m  [36m   [:li:nav-item [login/login-button]][0m

[36m----  Compiler Warning : Please see src/cljs/picture_gallery/core.cljs  ----[0m
[32mSuccessfully compiled "target/cljsbuild/public/js/app.js" in 1.01 seconds.[0m
notifying browser that file changed:  out/picture_gallery/ajax.js
[0mCompiling "target/cljsbuild/public/js/app.js" from ["src/cljc" "src/cljs" "env/dev/cljs"]...[0m
[36m----  Compiler Warning on   src/cljs/picture_gallery/core.cljs   line:19  column:21  ----[0m

  [1mNo such namespace: ajax, could not locate ajax.cljs, ajax.cljc, or Closure namespace ""[0m

  [36m15[0m  [36m(if-let [id (session/get :identity)][0m
  [36m16[0m  [36m  [:ul.nav.navbar-nav.pull-xs-right[0m
  [36m17[0m  [36m   [:li.nav-item[0m
  [36m18[0m  [36m    [:a.dropdown-item.btn[0m
  [33m19[0m  [1m     {:on-click #(ajax/POST[0m
  [0m  [0m  [33m                  ^--- No such namespace: ajax, could not locate ajax.cljs, ajax.cljc, or Closure namespace ""[0m
  [36m20[0m  [36m                   "/logout"[0m
  [36m21[0m  [36m                   {:handler (fn [] (session/remove! :identity))})}[0m
  [36m22[0m  [36m     [:i.fa.fa-user] " " id " | sign out"]]][0m
  [36m23[0m  [36m  [:ul.nav.navbar-nav.pull-xs.right[0m
  [36m24[0m  [36m   [:li:nav-item [login/login-button]][0m

[36m----  Compiler Warning : Please see src/cljs/picture_gallery/core.cljs  ----[0m
[36m----  Compiler Warning on   src/cljs/picture_gallery/core.cljs   line:19  column:21  ----[0m

  [1mUse of undeclared Var ajax/POST[0m

  [36m15[0m  [36m(if-let [id (session/get :identity)][0m
  [36m16[0m  [36m  [:ul.nav.navbar-nav.pull-xs-right[0m
  [36m17[0m  [36m   [:li.nav-item[0m
  [36m18[0m  [36m    [:a.dropdown-item.btn[0m
  [33m19[0m  [1m     {:on-click #(ajax/POST[0m
  [0m  [0m  [33m                  ^--- Use of undeclared Var ajax/POST[0m
  [36m20[0m  [36m                   "/logout"[0m
  [36m21[0m  [36m                   {:handler (fn [] (session/remove! :identity))})}[0m
  [36m22[0m  [36m     [:i.fa.fa-user] " " id " | sign out"]]][0m
  [36m23[0m  [36m  [:ul.nav.navbar-nav.pull-xs.right[0m
  [36m24[0m  [36m   [:li:nav-item [login/login-button]][0m

[36m----  Compiler Warning : Please see src/cljs/picture_gallery/core.cljs  ----[0m
[32mSuccessfully compiled "target/cljsbuild/public/js/app.js" in 1.501 seconds.[0m
notifying browser that file changed:  target/cljsbuild/public/js/out/goog/deps.js
notifying browser that file changed:  target/cljsbuild/public/js/out/cljs_deps.js
notifying browser that file changed:  out/picture_gallery/core.js
[0mCompiling "target/cljsbuild/public/js/app.js" from ["src/cljc" "src/cljs" "env/dev/cljs"]...[0m
[36m----  Compiler Warning on   src/cljs/picture_gallery/core.cljs   line:21  column:21  ----[0m

  [1mNo such namespace: ajax, could not locate ajax.cljs, ajax.cljc, or Closure namespace ""[0m

  [36m17[0m  [36m[:ul.nav.navbar-nav.pull-xs-right[0m
  [36m18[0m  [36m [:li.nav-item [u/upload-button]][0m
  [36m19[0m  [36m [:li.nav-item[0m
  [36m20[0m  [36m  [:a.dropdown-item.btn[0m
  [33m21[0m  [1m   {:on-click #(ajax/POST[0m
  [0m  [0m  [33m                ^--- No such namespace: ajax, could not locate ajax.cljs, ajax.cljc, or Closure namespace ""[0m
  [36m22[0m  [36m                 "/logout"[0m
  [36m23[0m  [36m                 {:handler (fn [] (session/remove! :identity))})}[0m
  [36m24[0m  [36m   [:i.fa.fa-user] " " id " | sign out"]]][0m
  [36m25[0m  [36m[:ul.nav.navbar-nav.pull-xs-right[0m
  [36m26[0m  [36m [:li.nav-item [l/login-button]][0m

[36m----  Compiler Warning : Please see src/cljs/picture_gallery/core.cljs  ----[0m
[36m----  Compiler Warning on   src/cljs/picture_gallery/core.cljs   line:21  column:21  ----[0m

  [1mUse of undeclared Var ajax/POST[0m

  [36m17[0m  [36m[:ul.nav.navbar-nav.pull-xs-right[0m
  [36m18[0m  [36m [:li.nav-item [u/upload-button]][0m
  [36m19[0m  [36m [:li.nav-item[0m
  [36m20[0m  [36m  [:a.dropdown-item.btn[0m
  [33m21[0m  [1m   {:on-click #(ajax/POST[0m
  [0m  [0m  [33m                ^--- Use of undeclared Var ajax/POST[0m
  [36m22[0m  [36m                 "/logout"[0m
  [36m23[0m  [36m                 {:handler (fn [] (session/remove! :identity))})}[0m
  [36m24[0m  [36m   [:i.fa.fa-user] " " id " | sign out"]]][0m
  [36m25[0m  [36m[:ul.nav.navbar-nav.pull-xs-right[0m
  [36m26[0m  [36m [:li.nav-item [l/login-button]][0m

[36m----  Compiler Warning : Please see src/cljs/picture_gallery/core.cljs  ----[0m
[32mSuccessfully compiled "target/cljsbuild/public/js/app.js" in 0.986 seconds.[0m
notifying browser that file changed:  target/cljsbuild/public/js/out/cljs_deps.js
notifying browser that file changed:  out/picture_gallery/core.js
[0mCompiling "target/cljsbuild/public/js/app.js" from ["src/cljc" "src/cljs" "env/dev/cljs"]...[0m
[31mFailed to compile "target/cljsbuild/public/js/app.js" in 1.244 seconds.[0m
[36m----  Could not Analyze  src/cljs/picture_gallery/components/gallery.cljs  ----[0m

  [1mNo such namespace: clojure.sting, could not locate clojure/sting.cljs, clojure/sting.cljc, or Closure namespace "clojure.sting" [0m

[36m----  Analysis Error : Please see src/cljs/picture_gallery/components/gallery.cljs  ----[0m
[0mCompiling "target/cljsbuild/public/js/app.js" from ["src/cljc" "src/cljs" "env/dev/cljs"]...[0m
[36m----  Compiler Warning on   src/cljs/picture_gallery/core.cljs   line:22  column:21  ----[0m

  [1mNo such namespace: ajax, could not locate ajax.cljs, ajax.cljc, or Closure namespace ""[0m

  [36m18[0m  [36m[:ul.nav.navbar-nav.pull-xs-right[0m
  [36m19[0m  [36m [:li.nav-item [u/upload-button]][0m
  [36m20[0m  [36m [:li.nav-item[0m
  [36m21[0m  [36m  [:a.dropdown-item.btn[0m
  [33m22[0m  [1m   {:on-click #(ajax/POST[0m
  [0m  [0m  [33m                ^--- No such namespace: ajax, could not locate ajax.cljs, ajax.cljc, or Closure namespace ""[0m
  [36m23[0m  [36m                 "/logout"[0m
  [36m24[0m  [36m                 {:handler (fn [] (session/remove! :identity))})}[0m
  [36m25[0m  [36m   [:i.fa.fa-user] " " id " | sign out"]]][0m
  [36m26[0m  [36m[:ul.nav.navbar-nav.pull-xs-right[0m
  [36m27[0m  [36m [:li.nav-item [l/login-button]][0m

[36m----  Compiler Warning : Please see src/cljs/picture_gallery/core.cljs  ----[0m
[36m----  Compiler Warning on   src/cljs/picture_gallery/core.cljs   line:22  column:21  ----[0m

  [1mUse of undeclared Var ajax/POST[0m

  [36m18[0m  [36m[:ul.nav.navbar-nav.pull-xs-right[0m
  [36m19[0m  [36m [:li.nav-item [u/upload-button]][0m
  [36m20[0m  [36m [:li.nav-item[0m
  [36m21[0m  [36m  [:a.dropdown-item.btn[0m
  [33m22[0m  [1m   {:on-click #(ajax/POST[0m
  [0m  [0m  [33m                ^--- Use of undeclared Var ajax/POST[0m
  [36m23[0m  [36m                 "/logout"[0m
  [36m24[0m  [36m                 {:handler (fn [] (session/remove! :identity))})}[0m
  [36m25[0m  [36m   [:i.fa.fa-user] " " id " | sign out"]]][0m
  [36m26[0m  [36m[:ul.nav.navbar-nav.pull-xs-right[0m
  [36m27[0m  [36m [:li.nav-item [l/login-button]][0m

[36m----  Compiler Warning : Please see src/cljs/picture_gallery/core.cljs  ----[0m
[32mSuccessfully compiled "target/cljsbuild/public/js/app.js" in 5.023 seconds.[0m
notifying browser that file changed:  target/cljsbuild/public/js/out/goog/deps.js
notifying browser that file changed:  target/cljsbuild/public/js/out/cljs_deps.js
notifying browser that file changed:  out/picture_gallery/components/gallery.js
[0mCompiling "target/cljsbuild/public/js/app.js" from ["src/cljc" "src/cljs" "env/dev/cljs"]...[0m
[36m----  Compiler Warning on   src/cljs/picture_gallery/core.cljs   line:22  column:21  ----[0m

  [1mNo such namespace: ajax, could not locate ajax.cljs, ajax.cljc, or Closure namespace ""[0m

  [36m18[0m  [36m[:ul.nav.navbar-nav.pull-xs-right[0m
  [36m19[0m  [36m [:li.nav-item [u/upload-button]][0m
  [36m20[0m  [36m [:li.nav-item[0m
  [36m21[0m  [36m  [:a.dropdown-item.btn[0m
  [33m22[0m  [1m   {:on-click #(ajax/POST[0m
  [0m  [0m  [33m                ^--- No such namespace: ajax, could not locate ajax.cljs, ajax.cljc, or Closure namespace ""[0m
  [36m23[0m  [36m                 "/logout"[0m
  [36m24[0m  [36m                 {:handler (fn [] (session/remove! :identity))})}[0m
  [36m25[0m  [36m   [:i.fa.fa-user] " " id " | sign out"]]][0m
  [36m26[0m  [36m[:ul.nav.navbar-nav.pull-xs-right[0m
  [36m27[0m  [36m [:li.nav-item [l/login-button]][0m

[36m----  Compiler Warning : Please see src/cljs/picture_gallery/core.cljs  ----[0m
[36m----  Compiler Warning on   src/cljs/picture_gallery/core.cljs   line:22  column:21  ----[0m

  [1mUse of undeclared Var ajax/POST[0m

  [36m18[0m  [36m[:ul.nav.navbar-nav.pull-xs-right[0m
  [36m19[0m  [36m [:li.nav-item [u/upload-button]][0m
  [36m20[0m  [36m [:li.nav-item[0m
  [36m21[0m  [36m  [:a.dropdown-item.btn[0m
  [33m22[0m  [1m   {:on-click #(ajax/POST[0m
  [0m  [0m  [33m                ^--- Use of undeclared Var ajax/POST[0m
  [36m23[0m  [36m                 "/logout"[0m
  [36m24[0m  [36m                 {:handler (fn [] (session/remove! :identity))})}[0m
  [36m25[0m  [36m   [:i.fa.fa-user] " " id " | sign out"]]][0m
  [36m26[0m  [36m[:ul.nav.navbar-nav.pull-xs-right[0m
  [36m27[0m  [36m [:li.nav-item [l/login-button]][0m

[36m----  Compiler Warning : Please see src/cljs/picture_gallery/core.cljs  ----[0m
[36m----  Compiler Warning on   src/cljs/picture_gallery/core.cljs   line:63  column:4  ----[0m

  [1mNo such namespace: ajax, could not locate ajax.cljs, ajax.cljc, or Closure namespace ""[0m

  [36m59[0m  [36m         [:a {:href (str "#/gallery/" owner)}[0m
  [36m60[0m  [36m          [:img {:src (str js/context "/gallery/" owner "/" name)}]]])])])[0m
  [36m61[0m  [36m[0m
  [36m62[0m  [36m(defn list-galleries! [][0m
  [33m63[0m  [1m  (ajax/GET "/list-galleries"[0m
  [0m  [0m  [33m   ^--- No such namespace: ajax, could not locate ajax.cljs, ajax.cljc, or Closure namespace ""[0m
  [36m64[0m  [36m            {:hander #(session/put! :gallery-links %)}))[0m
  [36m65[0m  [36m[0m
  [36m66[0m  [36m(defn about-page [][0m
  [36m67[0m  [36m  [:div.container[0m
  [36m68[0m  [36m   [:div.row[0m

[36m----  Compiler Warning : Please see src/cljs/picture_gallery/core.cljs  ----[0m
[36m----  Compiler Warning on   src/cljs/picture_gallery/core.cljs   line:63  column:4  ----[0m

  [1mUse of undeclared Var ajax/GET[0m

  [36m59[0m  [36m         [:a {:href (str "#/gallery/" owner)}[0m
  [36m60[0m  [36m          [:img {:src (str js/context "/gallery/" owner "/" name)}]]])])])[0m
  [36m61[0m  [36m[0m
  [36m62[0m  [36m(defn list-galleries! [][0m
  [33m63[0m  [1m  (ajax/GET "/list-galleries"[0m
  [0m  [0m  [33m   ^--- Use of undeclared Var ajax/GET[0m
  [36m64[0m  [36m            {:hander #(session/put! :gallery-links %)}))[0m
  [36m65[0m  [36m[0m
  [36m66[0m  [36m(defn about-page [][0m
  [36m67[0m  [36m  [:div.container[0m
  [36m68[0m  [36m   [:div.row[0m

[36m----  Compiler Warning : Please see src/cljs/picture_gallery/core.cljs  ----[0m
[32mSuccessfully compiled "target/cljsbuild/public/js/app.js" in 1.816 seconds.[0m
notifying browser that file changed:  target/cljsbuild/public/js/out/goog/deps.js
notifying browser that file changed:  target/cljsbuild/public/js/out/cljs_deps.js
notifying browser that file changed:  out/picture_gallery/core.js
[0mCompiling "target/cljsbuild/public/js/app.js" from ["src/cljc" "src/cljs" "env/dev/cljs"]...[0m
[36m----  Compiler Warning on   src/cljs/picture_gallery/core.cljs   line:22  column:21  ----[0m

  [1mNo such namespace: ajax, could not locate ajax.cljs, ajax.cljc, or Closure namespace ""[0m

  [36m18[0m  [36m[:ul.nav.navbar-nav.pull-xs-right[0m
  [36m19[0m  [36m [:li.nav-item [u/upload-button]][0m
  [36m20[0m  [36m [:li.nav-item[0m
  [36m21[0m  [36m  [:a.dropdown-item.btn[0m
  [33m22[0m  [1m   {:on-click #(ajax/POST[0m
  [0m  [0m  [33m                ^--- No such namespace: ajax, could not locate ajax.cljs, ajax.cljc, or Closure namespace ""[0m
  [36m23[0m  [36m                 "/logout"[0m
  [36m24[0m  [36m                 {:handler (fn [] (session/remove! :identity))})}[0m
  [36m25[0m  [36m   [:i.fa.fa-user] " " id " | sign out"]]][0m
  [36m26[0m  [36m[:ul.nav.navbar-nav.pull-xs-right[0m
  [36m27[0m  [36m [:li.nav-item [l/login-button]][0m

[36m----  Compiler Warning : Please see src/cljs/picture_gallery/core.cljs  ----[0m
[36m----  Compiler Warning on   src/cljs/picture_gallery/core.cljs   line:22  column:21  ----[0m

  [1mUse of undeclared Var ajax/POST[0m

  [36m18[0m  [36m[:ul.nav.navbar-nav.pull-xs-right[0m
  [36m19[0m  [36m [:li.nav-item [u/upload-button]][0m
  [36m20[0m  [36m [:li.nav-item[0m
  [36m21[0m  [36m  [:a.dropdown-item.btn[0m
  [33m22[0m  [1m   {:on-click #(ajax/POST[0m
  [0m  [0m  [33m                ^--- Use of undeclared Var ajax/POST[0m
  [36m23[0m  [36m                 "/logout"[0m
  [36m24[0m  [36m                 {:handler (fn [] (session/remove! :identity))})}[0m
  [36m25[0m  [36m   [:i.fa.fa-user] " " id " | sign out"]]][0m
  [36m26[0m  [36m[:ul.nav.navbar-nav.pull-xs-right[0m
  [36m27[0m  [36m [:li.nav-item [l/login-button]][0m

[36m----  Compiler Warning : Please see src/cljs/picture_gallery/core.cljs  ----[0m
[36m----  Compiler Warning on   src/cljs/picture_gallery/core.cljs   line:63  column:4  ----[0m

  [1mNo such namespace: ajax, could not locate ajax.cljs, ajax.cljc, or Closure namespace ""[0m

  [36m59[0m  [36m         [:a {:href (str "#/gallery/" owner)}[0m
  [36m60[0m  [36m          [:img {:src (str js/context "/gallery/" owner "/" name)}]]])])])[0m
  [36m61[0m  [36m[0m
  [36m62[0m  [36m(defn list-galleries! [][0m
  [33m63[0m  [1m  (ajax/GET "/list-galleries"[0m
  [0m  [0m  [33m   ^--- No such namespace: ajax, could not locate ajax.cljs, ajax.cljc, or Closure namespace ""[0m
  [36m64[0m  [36m            {:handler #(session/put! :gallery-links %)}))[0m
  [36m65[0m  [36m[0m
  [36m66[0m  [36m(defn about-page [][0m
  [36m67[0m  [36m  [:div.container[0m
  [36m68[0m  [36m   [:div.row[0m

[36m----  Compiler Warning : Please see src/cljs/picture_gallery/core.cljs  ----[0m
[36m----  Compiler Warning on   src/cljs/picture_gallery/core.cljs   line:63  column:4  ----[0m

  [1mUse of undeclared Var ajax/GET[0m

  [36m59[0m  [36m         [:a {:href (str "#/gallery/" owner)}[0m
  [36m60[0m  [36m          [:img {:src (str js/context "/gallery/" owner "/" name)}]]])])])[0m
  [36m61[0m  [36m[0m
  [36m62[0m  [36m(defn list-galleries! [][0m
  [33m63[0m  [1m  (ajax/GET "/list-galleries"[0m
  [0m  [0m  [33m   ^--- Use of undeclared Var ajax/GET[0m
  [36m64[0m  [36m            {:handler #(session/put! :gallery-links %)}))[0m
  [36m65[0m  [36m[0m
  [36m66[0m  [36m(defn about-page [][0m
  [36m67[0m  [36m  [:div.container[0m
  [36m68[0m  [36m   [:div.row[0m

[36m----  Compiler Warning : Please see src/cljs/picture_gallery/core.cljs  ----[0m
[32mSuccessfully compiled "target/cljsbuild/public/js/app.js" in 1.491 seconds.[0m
notifying browser that file changed:  out/picture_gallery/core.js
[0mCompiling "target/cljsbuild/public/js/app.js" from ["src/cljc" "src/cljs" "env/dev/cljs"]...[0m
[36m----  Compiler Warning on   src/cljs/picture_gallery/core.cljs   line:17  column:4  ----[0m

  [1mNo such namespace: ajax, could not locate ajax.cljs, ajax.cljc, or Closure namespace ""[0m

  [36m13[0m  [36m            [picture-gallery.components.gallery :as g])[0m
  [36m14[0m  [36m  (:import goog.History))[0m
  [36m15[0m  [36m[0m
  [36m16[0m  [36m(defn list-galleries! [][0m
  [33m17[0m  [1m  (ajax/GET "/list-galleries"[0m
  [0m  [0m  [33m   ^--- No such namespace: ajax, could not locate ajax.cljs, ajax.cljc, or Closure namespace ""[0m
  [36m18[0m  [36m            {:handler #(session/put! :gallery-links %)}))[0m
  [36m19[0m  [36m[0m
  [36m20[0m  [36m[0m
  [36m21[0m  [36m(defn user-menu [][0m
  [36m22[0m  [36m  (if-let [id (session/get :identity)][0m

[36m----  Compiler Warning : Please see src/cljs/picture_gallery/core.cljs  ----[0m
[36m----  Compiler Warning on   src/cljs/picture_gallery/core.cljs   line:17  column:4  ----[0m

  [1mUse of undeclared Var ajax/GET[0m

  [36m13[0m  [36m            [picture-gallery.components.gallery :as g])[0m
  [36m14[0m  [36m  (:import goog.History))[0m
  [36m15[0m  [36m[0m
  [36m16[0m  [36m(defn list-galleries! [][0m
  [33m17[0m  [1m  (ajax/GET "/list-galleries"[0m
  [0m  [0m  [33m   ^--- Use of undeclared Var ajax/GET[0m
  [36m18[0m  [36m            {:handler #(session/put! :gallery-links %)}))[0m
  [36m19[0m  [36m[0m
  [36m20[0m  [36m[0m
  [36m21[0m  [36m(defn user-menu [][0m
  [36m22[0m  [36m  (if-let [id (session/get :identity)][0m

[36m----  Compiler Warning : Please see src/cljs/picture_gallery/core.cljs  ----[0m
[36m----  Compiler Warning on   src/cljs/picture_gallery/core.cljs   line:27  column:21  ----[0m

  [1mNo such namespace: ajax, could not locate ajax.cljs, ajax.cljc, or Closure namespace ""[0m

  [36m23[0m  [36m[:ul.nav.navbar-nav.pull-xs-right[0m
  [36m24[0m  [36m [:li.nav-item [u/upload-button]][0m
  [36m25[0m  [36m [:li.nav-item[0m
  [36m26[0m  [36m  [:a.dropdown-item.btn[0m
  [33m27[0m  [1m   {:on-click #(ajax/POST[0m
  [0m  [0m  [33m                ^--- No such namespace: ajax, could not locate ajax.cljs, ajax.cljc, or Closure namespace ""[0m
  [36m28[0m  [36m                 "/logout"[0m
  [36m29[0m  [36m                 {:handler (fn [] (session/remove! :identity))})}[0m
  [36m30[0m  [36m   [:i.fa.fa-user] " " id " | sign out"]]][0m
  [36m31[0m  [36m[:ul.nav.navbar-nav.pull-xs-right[0m
  [36m32[0m  [36m [:li.nav-item [l/login-button]][0m

[36m----  Compiler Warning : Please see src/cljs/picture_gallery/core.cljs  ----[0m
[36m----  Compiler Warning on   src/cljs/picture_gallery/core.cljs   line:27  column:21  ----[0m

  [1mUse of undeclared Var ajax/POST[0m

  [36m23[0m  [36m[:ul.nav.navbar-nav.pull-xs-right[0m
  [36m24[0m  [36m [:li.nav-item [u/upload-button]][0m
  [36m25[0m  [36m [:li.nav-item[0m
  [36m26[0m  [36m  [:a.dropdown-item.btn[0m
  [33m27[0m  [1m   {:on-click #(ajax/POST[0m
  [0m  [0m  [33m                ^--- Use of undeclared Var ajax/POST[0m
  [36m28[0m  [36m                 "/logout"[0m
  [36m29[0m  [36m                 {:handler (fn [] (session/remove! :identity))})}[0m
  [36m30[0m  [36m   [:i.fa.fa-user] " " id " | sign out"]]][0m
  [36m31[0m  [36m[:ul.nav.navbar-nav.pull-xs-right[0m
  [36m32[0m  [36m [:li.nav-item [l/login-button]][0m

[36m----  Compiler Warning : Please see src/cljs/picture_gallery/core.cljs  ----[0m
[32mSuccessfully compiled "target/cljsbuild/public/js/app.js" in 2.966 seconds.[0m
notifying browser that file changed:  target/cljsbuild/public/js/out/goog/deps.js
notifying browser that file changed:  target/cljsbuild/public/js/out/cljs_deps.js
notifying browser that file changed:  out/picture_gallery/core.js
Figwheel: Can't open  ("src/cljs/picture_gallery/core.cljs" 17 4) No :open-file-command supplied in the config.
[0mCompiling "target/cljsbuild/public/js/app.js" from ["src/cljc" "src/cljs" "env/dev/cljs"]...[0m
[36m----  Compiler Warning on   src/cljs/picture_gallery/core.cljs   line:24  column:21  ----[0m

  [1mNo such namespace: ajax, could not locate ajax.cljs, ajax.cljc, or Closure namespace ""[0m

  [36m20[0m  [36m[:ul.nav.navbar-nav.pull-xs-right[0m
  [36m21[0m  [36m [:li.nav-item [u/upload-button]][0m
  [36m22[0m  [36m [:li.nav-item[0m
  [36m23[0m  [36m  [:a.dropdown-item.btn[0m
  [33m24[0m  [1m   {:on-click #(ajax/POST[0m
  [0m  [0m  [33m                ^--- No such namespace: ajax, could not locate ajax.cljs, ajax.cljc, or Closure namespace ""[0m
  [36m25[0m  [36m                 "/logout"[0m
  [36m26[0m  [36m                 {:handler (fn [] (session/remove! :identity))})}[0m
  [36m27[0m  [36m   [:i.fa.fa-user] " " id " | sign out"]]][0m
  [36m28[0m  [36m[:ul.nav.navbar-nav.pull-xs-right[0m
  [36m29[0m  [36m [:li.nav-item [l/login-button]][0m

[36m----  Compiler Warning : Please see src/cljs/picture_gallery/core.cljs  ----[0m
[36m----  Compiler Warning on   src/cljs/picture_gallery/core.cljs   line:24  column:21  ----[0m

  [1mUse of undeclared Var ajax/POST[0m

  [36m20[0m  [36m[:ul.nav.navbar-nav.pull-xs-right[0m
  [36m21[0m  [36m [:li.nav-item [u/upload-button]][0m
  [36m22[0m  [36m [:li.nav-item[0m
  [36m23[0m  [36m  [:a.dropdown-item.btn[0m
  [33m24[0m  [1m   {:on-click #(ajax/POST[0m
  [0m  [0m  [33m                ^--- Use of undeclared Var ajax/POST[0m
  [36m25[0m  [36m                 "/logout"[0m
  [36m26[0m  [36m                 {:handler (fn [] (session/remove! :identity))})}[0m
  [36m27[0m  [36m   [:i.fa.fa-user] " " id " | sign out"]]][0m
  [36m28[0m  [36m[:ul.nav.navbar-nav.pull-xs-right[0m
  [36m29[0m  [36m [:li.nav-item [l/login-button]][0m

[36m----  Compiler Warning : Please see src/cljs/picture_gallery/core.cljs  ----[0m
[36m----  Compiler Warning on   src/cljs/picture_gallery/core.cljs   line:54  column:4  ----[0m

  [1mNo such namespace: ajax, could not locate ajax.cljs, ajax.cljc, or Closure namespace ""[0m

  [36m50[0m  [36m         [nav-link "#/about" "About" :about collapsed?]]][0m
  [36m51[0m  [36m       [user-menu]])))[0m
  [36m52[0m  [36m[0m
  [36m53[0m  [36m(defn list-galleries! [][0m
  [33m54[0m  [1m  (ajax/GET "/list-galleries"[0m
  [0m  [0m  [33m   ^--- No such namespace: ajax, could not locate ajax.cljs, ajax.cljc, or Closure namespace ""[0m
  [36m55[0m  [36m            {:handler #(session/put! :gallery-links %)}))[0m
  [36m56[0m  [36m[0m
  [36m57[0m  [36m(defn galleries [gallery-links][0m
  [36m58[0m  [36m  [:div.text-xs-center[0m
  [36m59[0m  [36m   (for [row (partition-all 3 gallery-links)][0m

[36m----  Compiler Warning : Please see src/cljs/picture_gallery/core.cljs  ----[0m
[36m----  Compiler Warning on   src/cljs/picture_gallery/core.cljs   line:54  column:4  ----[0m

  [1mUse of undeclared Var ajax/GET[0m

  [36m50[0m  [36m         [nav-link "#/about" "About" :about collapsed?]]][0m
  [36m51[0m  [36m       [user-menu]])))[0m
  [36m52[0m  [36m[0m
  [36m53[0m  [36m(defn list-galleries! [][0m
  [33m54[0m  [1m  (ajax/GET "/list-galleries"[0m
  [0m  [0m  [33m   ^--- Use of undeclared Var ajax/GET[0m
  [36m55[0m  [36m            {:handler #(session/put! :gallery-links %)}))[0m
  [36m56[0m  [36m[0m
  [36m57[0m  [36m(defn galleries [gallery-links][0m
  [36m58[0m  [36m  [:div.text-xs-center[0m
  [36m59[0m  [36m   (for [row (partition-all 3 gallery-links)][0m

[36m----  Compiler Warning : Please see src/cljs/picture_gallery/core.cljs  ----[0m
[32mSuccessfully compiled "target/cljsbuild/public/js/app.js" in 1.535 seconds.[0m
notifying browser that file changed:  out/picture_gallery/core.js
[0mCompiling "target/cljsbuild/public/js/app.js" from ["src/cljc" "src/cljs" "env/dev/cljs"]...[0m
[32mSuccessfully compiled "target/cljsbuild/public/js/app.js" in 0.502 seconds.[0m
[0mCompiling "target/cljsbuild/public/js/app.js" from ["src/cljc" "src/cljs" "env/dev/cljs"]...[0m
[36m----  Compiler Warning on   src/cljs/picture_gallery/core.cljs   line:22  column:21  ----[0m

  [1mNo such namespace: ajax, could not locate ajax.cljs, ajax.cljc, or Closure namespace ""[0m

  [36m18[0m  [36m[:ul.nav.navbar-nav.pull-xs-right[0m
  [36m19[0m  [36m [:li.nav-item [u/upload-button]][0m
  [36m20[0m  [36m [:li.nav-item[0m
  [36m21[0m  [36m  [:a.dropdown-item.btn[0m
  [33m22[0m  [1m   {:on-click #(ajax/POST[0m
  [0m  [0m  [33m                ^--- No such namespace: ajax, could not locate ajax.cljs, ajax.cljc, or Closure namespace ""[0m
  [36m23[0m  [36m                 "/logout"[0m
  [36m24[0m  [36m                 {:handler (fn [] (session/remove! :identity))})}[0m
  [36m25[0m  [36m   [:i.fa.fa-user] " " id " | sign out"]]][0m
  [36m26[0m  [36m[:ul.nav.navbar-nav.pull-xs-right[0m
  [36m27[0m  [36m [:li.nav-item [l/login-button]][0m

[36m----  Compiler Warning : Please see src/cljs/picture_gallery/core.cljs  ----[0m
[36m----  Compiler Warning on   src/cljs/picture_gallery/core.cljs   line:22  column:21  ----[0m

  [1mUse of undeclared Var ajax/POST[0m

  [36m18[0m  [36m[:ul.nav.navbar-nav.pull-xs-right[0m
  [36m19[0m  [36m [:li.nav-item [u/upload-button]][0m
  [36m20[0m  [36m [:li.nav-item[0m
  [36m21[0m  [36m  [:a.dropdown-item.btn[0m
  [33m22[0m  [1m   {:on-click #(ajax/POST[0m
  [0m  [0m  [33m                ^--- Use of undeclared Var ajax/POST[0m
  [36m23[0m  [36m                 "/logout"[0m
  [36m24[0m  [36m                 {:handler (fn [] (session/remove! :identity))})}[0m
  [36m25[0m  [36m   [:i.fa.fa-user] " " id " | sign out"]]][0m
  [36m26[0m  [36m[:ul.nav.navbar-nav.pull-xs-right[0m
  [36m27[0m  [36m [:li.nav-item [l/login-button]][0m

[36m----  Compiler Warning : Please see src/cljs/picture_gallery/core.cljs  ----[0m
[36m----  Compiler Warning on   src/cljs/picture_gallery/core.cljs   line:63  column:4  ----[0m

  [1mNo such namespace: ajax, could not locate ajax.cljs, ajax.cljc, or Closure namespace ""[0m

  [36m59[0m  [36m         [:a {:href (str "#/gallery/" owner)}[0m
  [36m60[0m  [36m          [:img {:src (str js/context "/gallery/" owner "/" name)}]]])])])[0m
  [36m61[0m  [36m[0m
  [36m62[0m  [36m(defn list-galleries! [][0m
  [33m63[0m  [1m  (ajax/GET "/list-galleries"[0m
  [0m  [0m  [33m   ^--- No such namespace: ajax, could not locate ajax.cljs, ajax.cljc, or Closure namespace ""[0m
  [36m64[0m  [36m            {:handler #(session/put! :gallery-links %)}))[0m
  [36m65[0m  [36m[0m
  [36m66[0m  [36m(defn about-page [][0m
  [36m67[0m  [36m  [:div.container[0m
  [36m68[0m  [36m   [:div.row[0m

[36m----  Compiler Warning : Please see src/cljs/picture_gallery/core.cljs  ----[0m
[36m----  Compiler Warning on   src/cljs/picture_gallery/core.cljs   line:63  column:4  ----[0m

  [1mUse of undeclared Var ajax/GET[0m

  [36m59[0m  [36m         [:a {:href (str "#/gallery/" owner)}[0m
  [36m60[0m  [36m          [:img {:src (str js/context "/gallery/" owner "/" name)}]]])])])[0m
  [36m61[0m  [36m[0m
  [36m62[0m  [36m(defn list-galleries! [][0m
  [33m63[0m  [1m  (ajax/GET "/list-galleries"[0m
  [0m  [0m  [33m   ^--- Use of undeclared Var ajax/GET[0m
  [36m64[0m  [36m            {:handler #(session/put! :gallery-links %)}))[0m
  [36m65[0m  [36m[0m
  [36m66[0m  [36m(defn about-page [][0m
  [36m67[0m  [36m  [:div.container[0m
  [36m68[0m  [36m   [:div.row[0m

[36m----  Compiler Warning : Please see src/cljs/picture_gallery/core.cljs  ----[0m
[32mSuccessfully compiled "target/cljsbuild/public/js/app.js" in 1.215 seconds.[0m
notifying browser that file changed:  out/picture_gallery/core.js
[0mCompiling "target/cljsbuild/public/js/app.js" from ["src/cljc" "src/cljs" "env/dev/cljs"]...[0m
[36m----  Compiler Warning on   src/cljs/picture_gallery/core.cljs   line:22  column:21  ----[0m

  [1mNo such namespace: ajax, could not locate ajax.cljs, ajax.cljc, or Closure namespace ""[0m

  [36m18[0m  [36m[:ul.nav.navbar-nav.pull-xs-right[0m
  [36m19[0m  [36m [:li.nav-item [u/upload-button]][0m
  [36m20[0m  [36m [:li.nav-item[0m
  [36m21[0m  [36m  [:a.dropdown-item.btn[0m
  [33m22[0m  [1m   {:on-click #(ajax/POST[0m
  [0m  [0m  [33m                ^--- No such namespace: ajax, could not locate ajax.cljs, ajax.cljc, or Closure namespace ""[0m
  [36m23[0m  [36m                 "/logout"[0m
  [36m24[0m  [36m                 {:handler (fn [] (session/remove! :identity))})}[0m
  [36m25[0m  [36m   [:i.fa.fa-user] " " id " | sign out"]]][0m
  [36m26[0m  [36m[:ul.nav.navbar-nav.pull-xs-right[0m
  [36m27[0m  [36m [:li.nav-item [l/login-button]][0m

[36m----  Compiler Warning : Please see src/cljs/picture_gallery/core.cljs  ----[0m
[36m----  Compiler Warning on   src/cljs/picture_gallery/core.cljs   line:22  column:21  ----[0m

  [1mUse of undeclared Var ajax/POST[0m

  [36m18[0m  [36m[:ul.nav.navbar-nav.pull-xs-right[0m
  [36m19[0m  [36m [:li.nav-item [u/upload-button]][0m
  [36m20[0m  [36m [:li.nav-item[0m
  [36m21[0m  [36m  [:a.dropdown-item.btn[0m
  [33m22[0m  [1m   {:on-click #(ajax/POST[0m
  [0m  [0m  [33m                ^--- Use of undeclared Var ajax/POST[0m
  [36m23[0m  [36m                 "/logout"[0m
  [36m24[0m  [36m                 {:handler (fn [] (session/remove! :identity))})}[0m
  [36m25[0m  [36m   [:i.fa.fa-user] " " id " | sign out"]]][0m
  [36m26[0m  [36m[:ul.nav.navbar-nav.pull-xs-right[0m
  [36m27[0m  [36m [:li.nav-item [l/login-button]][0m

[36m----  Compiler Warning : Please see src/cljs/picture_gallery/core.cljs  ----[0m
[32mSuccessfully compiled "target/cljsbuild/public/js/app.js" in 2.171 seconds.[0m
notifying browser that file changed:  out/picture_gallery/core.js
[0mCompiling "target/cljsbuild/public/js/app.js" from ["src/cljc" "src/cljs" "env/dev/cljs"]...[0m
[36m----  Compiler Warning on   src/cljs/picture_gallery/core.cljs   line:22  column:21  ----[0m

  [1mNo such namespace: ajax, could not locate ajax.cljs, ajax.cljc, or Closure namespace ""[0m

  [36m18[0m  [36m[:ul.nav.navbar-nav.pull-xs-right[0m
  [36m19[0m  [36m [:li.nav-item [u/upload-button]][0m
  [36m20[0m  [36m [:li.nav-item[0m
  [36m21[0m  [36m  [:a.dropdown-item.btn[0m
  [33m22[0m  [1m   {:on-click #(ajax/POST[0m
  [0m  [0m  [33m                ^--- No such namespace: ajax, could not locate ajax.cljs, ajax.cljc, or Closure namespace ""[0m
  [36m23[0m  [36m                 "/logout"[0m
  [36m24[0m  [36m                 {:handler (fn [] (session/remove! :identity))})}[0m
  [36m25[0m  [36m   [:i.fa.fa-user] " " id " | sign out"]]][0m
  [36m26[0m  [36m[:ul.nav.navbar-nav.pull-xs-right[0m
  [36m27[0m  [36m [:li.nav-item [l/login-button]][0m

[36m----  Compiler Warning : Please see src/cljs/picture_gallery/core.cljs  ----[0m
[36m----  Compiler Warning on   src/cljs/picture_gallery/core.cljs   line:22  column:21  ----[0m

  [1mUse of undeclared Var ajax/POST[0m

  [36m18[0m  [36m[:ul.nav.navbar-nav.pull-xs-right[0m
  [36m19[0m  [36m [:li.nav-item [u/upload-button]][0m
  [36m20[0m  [36m [:li.nav-item[0m
  [36m21[0m  [36m  [:a.dropdown-item.btn[0m
  [33m22[0m  [1m   {:on-click #(ajax/POST[0m
  [0m  [0m  [33m                ^--- Use of undeclared Var ajax/POST[0m
  [36m23[0m  [36m                 "/logout"[0m
  [36m24[0m  [36m                 {:handler (fn [] (session/remove! :identity))})}[0m
  [36m25[0m  [36m   [:i.fa.fa-user] " " id " | sign out"]]][0m
  [36m26[0m  [36m[:ul.nav.navbar-nav.pull-xs-right[0m
  [36m27[0m  [36m [:li.nav-item [l/login-button]][0m

[36m----  Compiler Warning : Please see src/cljs/picture_gallery/core.cljs  ----[0m
[36m----  Compiler Warning on   src/cljs/picture_gallery/core.cljs   line:63  column:4  ----[0m

  [1mNo such namespace: ajax, could not locate ajax.cljs, ajax.cljc, or Closure namespace ""[0m

  [36m59[0m  [36m         [:a {:href (str "#/gallery/" owner)}[0m
  [36m60[0m  [36m          [:img {:src (str js/context "/gallery/" owner "/" name)}]]])])])[0m
  [36m61[0m  [36m[0m
  [36m62[0m  [36m(defn list-galleries! [][0m
  [33m63[0m  [1m  (ajax/GET "/list-galleries"[0m
  [0m  [0m  [33m   ^--- No such namespace: ajax, could not locate ajax.cljs, ajax.cljc, or Closure namespace ""[0m
  [36m64[0m  [36m            {:handler #(session/put! :gallery-links %)}))[0m
  [36m65[0m  [36m[0m
  [36m66[0m  [36m(defn about-page [][0m
  [36m67[0m  [36m  [:div.container[0m
  [36m68[0m  [36m   [:div.row[0m

[36m----  Compiler Warning : Please see src/cljs/picture_gallery/core.cljs  ----[0m
[36m----  Compiler Warning on   src/cljs/picture_gallery/core.cljs   line:63  column:4  ----[0m

  [1mUse of undeclared Var ajax/GET[0m

  [36m59[0m  [36m         [:a {:href (str "#/gallery/" owner)}[0m
  [36m60[0m  [36m          [:img {:src (str js/context "/gallery/" owner "/" name)}]]])])])[0m
  [36m61[0m  [36m[0m
  [36m62[0m  [36m(defn list-galleries! [][0m
  [33m63[0m  [1m  (ajax/GET "/list-galleries"[0m
  [0m  [0m  [33m   ^--- Use of undeclared Var ajax/GET[0m
  [36m64[0m  [36m            {:handler #(session/put! :gallery-links %)}))[0m
  [36m65[0m  [36m[0m
  [36m66[0m  [36m(defn about-page [][0m
  [36m67[0m  [36m  [:div.container[0m
  [36m68[0m  [36m   [:div.row[0m

[36m----  Compiler Warning : Please see src/cljs/picture_gallery/core.cljs  ----[0m
[32mSuccessfully compiled "target/cljsbuild/public/js/app.js" in 1.21 seconds.[0m
notifying browser that file changed:  out/picture_gallery/core.js
[0mCompiling "target/cljsbuild/public/js/app.js" from ["src/cljc" "src/cljs" "env/dev/cljs"]...[0m
[31mFailed to compile "target/cljsbuild/public/js/app.js" in 0.31 seconds.[0m
[36m----  Could not Analyze  src/cljs/picture_gallery/core.cljs  ----[0m

  [1mNo such namespace: ajax, could not locate ajax.cljs, ajax.cljc, or Closure namespace "ajax" [0m

[36m----  Analysis Error : Please see src/cljs/picture_gallery/core.cljs  ----[0m
[0mCompiling "target/cljsbuild/public/js/app.js" from ["src/cljc" "src/cljs" "env/dev/cljs"]...[0m
[31mFailed to compile "target/cljsbuild/public/js/app.js" in 0.008 seconds.[0m
[36m----  Could not Analyze  src/cljs/picture_gallery/core.cljs   line:1  column:1  ----[0m

  [1mOnly :as alias and :refer (names) options supported in :require; offending spec: [ajax.core :as] at line 1 src/cljs/picture_gallery/core.cljs[0m

  [33m1[0m  [1m(ns picture-gallery.core[0m
  [0m [0m  [33m^--- Only :as alias and :refer (names) options supported in :require; offending spec: [ajax.core :as] at line 1 src/cljs/picture_gallery/core.cljs[0m
  [36m2[0m  [36m  (:require [reagent.core :as r][0m
  [36m3[0m  [36m            [reagent.session :as session][0m
  [36m4[0m  [36m            [secretary.core :as secretary :include-macros true][0m

[36m----  Analysis Error : Please see src/cljs/picture_gallery/core.cljs  ----[0m
[0mCompiling "target/cljsbuild/public/js/app.js" from ["src/cljc" "src/cljs" "env/dev/cljs"]...[0m
[32mSuccessfully compiled "target/cljsbuild/public/js/app.js" in 0.847 seconds.[0m
notifying browser that file changed:  out/picture_gallery/core.js
[0mCompiling "target/cljsbuild/public/js/app.js" from ["src/cljc" "src/cljs" "env/dev/cljs"]...[0m
[32mSuccessfully compiled "target/cljsbuild/public/js/app.js" in 2.051 seconds.[0m
notifying browser that file changed:  out/picture_gallery/components/gallery.js
[0mCompiling "target/cljsbuild/public/js/app.js" from ["src/cljc" "src/cljs" "env/dev/cljs"]...[0m
[32mSuccessfully compiled "target/cljsbuild/public/js/app.js" in 1.549 seconds.[0m
notifying browser that file changed:  out/picture_gallery/components/gallery.js
[0mCompiling "target/cljsbuild/public/js/app.js" from ["src/cljc" "src/cljs" "env/dev/cljs"]...[0m
[32mSuccessfully compiled "target/cljsbuild/public/js/app.js" in 0.894 seconds.[0m
notifying browser that file changed:  out/picture_gallery/components/gallery.js
[0mCompiling "target/cljsbuild/public/js/app.js" from ["src/cljc" "src/cljs" "env/dev/cljs"]...[0m
[32mSuccessfully compiled "target/cljsbuild/public/js/app.js" in 1.426 seconds.[0m
notifying browser that file changed:  out/picture_gallery/components/gallery.js
[0mCompiling "target/cljsbuild/public/js/app.js" from ["src/cljc" "src/cljs" "env/dev/cljs"]...[0m
[32mSuccessfully compiled "target/cljsbuild/public/js/app.js" in 0.934 seconds.[0m
notifying browser that file changed:  out/picture_gallery/components/gallery.js
[0mCompiling "target/cljsbuild/public/js/app.js" from ["src/cljc" "src/cljs" "env/dev/cljs"]...[0m
[32mSuccessfully compiled "target/cljsbuild/public/js/app.js" in 10.241 seconds.[0m
notifying browser that file changed:  target/cljsbuild/public/js/out/goog/deps.js
notifying browser that file changed:  target/cljsbuild/public/js/out/cljs_deps.js
notifying browser that file changed:  out/picture_gallery/core.js
[0mCompiling "target/cljsbuild/public/js/app.js" from ["src/cljc" "src/cljs" "env/dev/cljs"]...[0m
[32mSuccessfully compiled "target/cljsbuild/public/js/app.js" in 0.517 seconds.[0m
notifying browser that file changed:  out/picture_gallery/core.js
[0mCompiling "target/cljsbuild/public/js/app.js" from ["src/cljc" "src/cljs" "env/dev/cljs"]...[0m
[0mCompiling "target/cljsbuild/public/js/app.js" from ["src/cljc" "src/cljs" "env/dev/cljs"]...[0m
[31mFailed to compile "target/cljsbuild/public/js/app.js" in 1.664 seconds.[0m
[36m----  Could not Read  src/cljs/picture_gallery/core.cljs   line:37  column:22  ----[0m

  [1mMap literal must contain an even number of forms[0m

  [36m35[0m  [36m             "/logout"[0m
  [36m36[0m  [36m             {:handler (fn [] (session/remove! :identity))})[0m
  [33m37[0m  [1m          "sign out"}]]])))[0m
  [0m  [0m  [33m                     ^--- Map literal must contain an even number of forms[0m
  [36m38[0m  [36m[0m
  [36m39[0m  [36m(defn user-menu [][0m
  [36m40[0m  [36m  (if-let [id (session/get :identity)][0m

[36m----  Reader Error : Please see src/cljs/picture_gallery/core.cljs  ----[0m
[0mCompiling "target/cljsbuild/public/js/app.js" from ["src/cljc" "src/cljs" "env/dev/cljs"]...[0m
[32mSuccessfully compiled "target/cljsbuild/public/js/app.js" in 1.115 seconds.[0m
[0mCompiling "target/cljsbuild/public/js/app.js" from ["src/cljc" "src/cljs" "env/dev/cljs"]...[0m
[32mSuccessfully compiled "target/cljsbuild/public/js/app.js" in 0.616 seconds.[0m
notifying browser that file changed:  target/cljsbuild/public/js/out/goog/deps.js
notifying browser that file changed:  target/cljsbuild/public/js/out/cljs_deps.js
notifying browser that file changed:  out/picture_gallery/core.js
[0mCompiling "target/cljsbuild/public/js/app.js" from ["src/cljc" "src/cljs" "env/dev/cljs"]...[0m
[32mSuccessfully compiled "target/cljsbuild/public/js/app.js" in 1.334 seconds.[0m
notifying browser that file changed:  out/picture_gallery/core.js
